Using pre-set license
Built from '2020.3/release' branch; Version is '2020.3.12f1 (b3b2c6512326) revision 11776710'; Using compiler version '192528614'; Build Type 'Release'
OS: 'Windows 10 Pro Education; OS build 18363.1556; Version 1909; 64bit' Language: 'ru' Physical Memory: 8087 MB
BatchMode: 1, IsHumanControllingUs: 0, StartBugReporterOnCrash: 0, Is64bit: 1, IsPro: 0

 COMMAND LINE ARGUMENTS:
C:\Program Files\Unity\Hub\Editor\2020.3.12f1\Editor\Unity.exe
-adb2
-batchMode
-noUpm
-name
AssetImportWorker0
-projectPath
C:/GD/GitHub/ShadersLearn
-logFile
Logs/AssetImportWorker0.log
-srvPort
57343
Successfully changed project path to: C:/GD/GitHub/ShadersLearn
C:/GD/GitHub/ShadersLearn
Using Asset Import Pipeline V2.
Refreshing native plugins compatible for Editor in 38.15 ms, found 2 plugins.
Preloading 0 native plugins for Editor in 0.00 ms.
Initialize engine version: 2020.3.12f1 (b3b2c6512326)
[Subsystems] Discovering subsystems at path C:/Program Files/Unity/Hub/Editor/2020.3.12f1/Editor/Data/Resources/UnitySubsystems
[Subsystems] Discovering subsystems at path C:/GD/GitHub/ShadersLearn/Assets
GfxDevice: creating device client; threaded=0
Direct3D:
    Version:  Direct3D 11.0 [level 11.1]
    Renderer: Intel(R) HD Graphics 620 (ID=0x5916)
    Vendor:   
    VRAM:     4043 MB
    Driver:   27.20.100.8854
Initialize mono
Mono path[0] = 'C:/Program Files/Unity/Hub/Editor/2020.3.12f1/Editor/Data/Managed'
Mono path[1] = 'C:/Program Files/Unity/Hub/Editor/2020.3.12f1/Editor/Data/MonoBleedingEdge/lib/mono/unityjit'
Mono config path = 'C:/Program Files/Unity/Hub/Editor/2020.3.12f1/Editor/Data/MonoBleedingEdge/etc'
Using monoOptions --debugger-agent=transport=dt_socket,embedding=1,server=y,suspend=n,address=127.0.0.1:56692
Begin MonoManager ReloadAssembly
Registering precompiled unity dll's ...
Register platform support module: C:/Program Files/Unity/Hub/Editor/2020.3.12f1/Editor/Data/PlaybackEngines/WebGLSupport/UnityEditor.WebGL.Extensions.dll
Register platform support module: C:/Program Files/Unity/Hub/Editor/2020.3.12f1/Editor/Data/PlaybackEngines/MacStandaloneSupport/UnityEditor.OSXStandalone.Extensions.dll
Register platform support module: C:/Program Files/Unity/Hub/Editor/2020.3.12f1/Editor/Data/PlaybackEngines/WindowsStandaloneSupport/UnityEditor.WindowsStandalone.Extensions.dll
Register platform support module: C:/Program Files/Unity/Hub/Editor/2020.3.12f1/Editor/Data/PlaybackEngines/LinuxStandaloneSupport/UnityEditor.LinuxStandalone.Extensions.dll
Register platform support module: C:/Program Files/Unity/Hub/Editor/2020.3.12f1/Editor/Data/PlaybackEngines/LuminSupport/UnityEditor.Lumin.Extensions.dll
Registered in 0.003582 seconds.
Native extension for Lumin target not found
Native extension for LinuxStandalone target not found
Native extension for WindowsStandalone target not found
Native extension for OSXStandalone target not found
Native extension for WebGL target not found
Refreshing native plugins compatible for Editor in 34.29 ms, found 2 plugins.
Preloading 0 native plugins for Editor in 0.00 ms.
Mono: successfully reloaded assembly
- Completed reload, in  2.882 seconds
Platform modules already initialized, skipping
Registering precompiled user dll's ...
Registered in 0.003963 seconds.
Begin MonoManager ReloadAssembly
Native extension for Lumin target not found
Native extension for LinuxStandalone target not found
Native extension for WindowsStandalone target not found
Native extension for OSXStandalone target not found
Native extension for WebGL target not found
Refreshing native plugins compatible for Editor in 0.34 ms, found 2 plugins.
Preloading 0 native plugins for Editor in 0.00 ms.
Mono: successfully reloaded assembly
- Completed reload, in  1.335 seconds
Platform modules already initialized, skipping
========================================================================
Worker process is ready to serve import requests
Launched and connected shader compiler UnityShaderCompiler.exe after 0.06 seconds
Refreshing native plugins compatible for Editor in 0.34 ms, found 2 plugins.
Preloading 0 native plugins for Editor in 0.00 ms.
Unloading 1386 Unused Serialized files (Serialized files now loaded: 0)
System memory in use before: 64.8 MB.
System memory in use after: 64.8 MB.

Unloading 19 unused Assets to reduce memory usage. Loaded Objects now: 1819.
Total: 2.324200 ms (FindLiveObjects: 0.167800 ms CreateObjectMapping: 0.065900 ms MarkObjects: 1.985000 ms  DeleteObjects: 0.104300 ms)

AssetImportParameters requested are different than current active one (requested -> active):
  custom:framework-win-MediaFoundation: 216162199b28c13a410421893ffa2e32 -> 
  custom:video-decoder-ogg-theora: a1e56fd34408186e4bbccfd4996cb3dc -> 
  custom:container-muxer-webm: aa71ff27fc2769a1b78a27578f13a17b -> 
  custom:container-demuxer-webm: 4f35f7cbe854078d1ac9338744f61a02 -> 
  custom:container-demuxer-ogg: 62fdf1f143b41e24485cea50d1cbac27 -> 
  custom:video-encoder-webm-vp8: eb34c28f22e8b96e1ab97ce403110664 -> 
  custom:video-decoder-webm-vp8: 9c59270c3fd7afecdb556c50c9e8de78 -> 
  custom:audio-decoder-ogg-vorbis: bf7c407c2cedff20999df2af8eb42d56 -> 
  custom:audio-encoder-webm-vorbis: bf7c407c2cedff20999df2af8eb42d56 -> 
========================================================================
Received Import Request.
  path: Assets/HelloShader.mat
  artifactKey: Guid(ba0158cb3e90b40a998507011a60bad6) Importer(815301076,1909f56bfc062723c751e8b465ee728b)
Start importing Assets/HelloShader.mat using Guid(ba0158cb3e90b40a998507011a60bad6) Importer(815301076,1909f56bfc062723c751e8b465ee728b)  -> (artifact id: '049b895c5817201e74bda17908094097') in 0.406746 seconds 
  Import took 0.409998 seconds .

========================================================================
Received Import Request.
  Time since last request: 0.000262 seconds.
  path: Assets/Zombunny.prefab
  artifactKey: Guid(09df32d15510946c1bd4325af6219685) Importer(815301076,1909f56bfc062723c751e8b465ee728b)
Start importing Assets/Zombunny.prefab using Guid(09df32d15510946c1bd4325af6219685) Importer(815301076,1909f56bfc062723c751e8b465ee728b)  -> (artifact id: '160d7f3ab2ab82e8e4aca43e36dd9b6e') in 0.069434 seconds 
  Import took 0.073082 seconds .

========================================================================
Received Import Request.
  Time since last request: 0.000212 seconds.
  path: Assets/Zombunny.fbx
  artifactKey: Guid(8d5d219e0922649ebad407ab0e56b446) Importer(815301076,1909f56bfc062723c751e8b465ee728b)
Start importing Assets/Zombunny.fbx using Guid(8d5d219e0922649ebad407ab0e56b446) Importer(815301076,1909f56bfc062723c751e8b465ee728b)  -> (artifact id: '0262b11177e4b16a7a33c067a01979d8') in 0.111324 seconds 
  Import took 0.115074 seconds .

========================================================================
Received Import Request.
  Time since last request: 7.535499 seconds.
  path: Assets
  artifactKey: Guid(00000000000000001000000000000000) Importer(815301076,1909f56bfc062723c751e8b465ee728b)
Start importing Assets using Guid(00000000000000001000000000000000) Importer(815301076,1909f56bfc062723c751e8b465ee728b)  -> (artifact id: '42d402b061de3733987d63b9cc3b64de') in 0.016152 seconds 
  Import took 0.022606 seconds .

========================================================================
Received Import Request.
  Time since last request: 9.247513 seconds.
  path: Assets/FirstShader.shader
  artifactKey: Guid(264609886614b384b9240a1e96e2fdf3) Importer(815301076,1909f56bfc062723c751e8b465ee728b)
Start importing Assets/FirstShader.shader using Guid(264609886614b384b9240a1e96e2fdf3) Importer(815301076,1909f56bfc062723c751e8b465ee728b)  -> (artifact id: '15e17935eb24b218c2956e3c7c2593c8') in 0.018922 seconds 
  Import took 0.025235 seconds .

========================================================================
Received Import Request.
  Time since last request: 1.806490 seconds.
  path: Assets/FirstShader.shader
  artifactKey: Guid(264609886614b384b9240a1e96e2fdf3) Importer(815301076,1909f56bfc062723c751e8b465ee728b)
Start importing Assets/FirstShader.shader using Guid(264609886614b384b9240a1e96e2fdf3) Importer(815301076,1909f56bfc062723c751e8b465ee728b)  -> (artifact id: '15e17935eb24b218c2956e3c7c2593c8') in 0.008478 seconds 
  Import took 0.013716 seconds .

========================================================================
Received Import Request.
  Time since last request: 285.139084 seconds.
  path: Assets/FirstShader.shader
  artifactKey: Guid(264609886614b384b9240a1e96e2fdf3) Importer(815301076,1909f56bfc062723c751e8b465ee728b)
Start importing Assets/FirstShader.shader using Guid(264609886614b384b9240a1e96e2fdf3) Importer(815301076,1909f56bfc062723c751e8b465ee728b)  -> (artifact id: '0b7acafadbfe914f3dde64af6386256c') in 0.014160 seconds 
  Import took 0.020386 seconds .

========================================================================
Received Import Request.
  Time since last request: 84.712172 seconds.
  path: Assets/MyFirstShader.shader
  artifactKey: Guid(71afb07c6eff89c43aa8964dbb855a6d) Importer(815301076,1909f56bfc062723c751e8b465ee728b)
Start importing Assets/MyFirstShader.shader using Guid(71afb07c6eff89c43aa8964dbb855a6d) Importer(815301076,1909f56bfc062723c751e8b465ee728b)  -> (artifact id: 'f3b8c96d7ac5754d76a37dafa4f6a0b5') in 0.022333 seconds 
  Import took 0.028207 seconds .

========================================================================
Received Import Request.
  Time since last request: 0.000385 seconds.
  path: Assets/MyFirstShader.shader
  artifactKey: Guid(71afb07c6eff89c43aa8964dbb855a6d) Importer(815301076,1909f56bfc062723c751e8b465ee728b)
Start importing Assets/MyFirstShader.shader using Guid(71afb07c6eff89c43aa8964dbb855a6d) Importer(815301076,1909f56bfc062723c751e8b465ee728b)  -> (artifact id: 'f3b8c96d7ac5754d76a37dafa4f6a0b5') in 0.021481 seconds 
  Import took 0.027616 seconds .

========================================================================
Received Import Request.
  Time since last request: 2869.271539 seconds.
  path: Assets/MyFirstShader.shader
  artifactKey: Guid(71afb07c6eff89c43aa8964dbb855a6d) Importer(815301076,1909f56bfc062723c751e8b465ee728b)
Start importing Assets/MyFirstShader.shader using Guid(71afb07c6eff89c43aa8964dbb855a6d) Importer(815301076,1909f56bfc062723c751e8b465ee728b)  -> (artifact id: '8b0c794d1ba92169153117999e235c5e') in 0.038955 seconds 
  Import took 0.064097 seconds .

========================================================================
Received Import Request.
  Time since last request: 16.905244 seconds.
  path: Assets/SecondShader.shader
  artifactKey: Guid(c05f752e92f28c44fb8f348feaa5e0fe) Importer(815301076,1909f56bfc062723c751e8b465ee728b)
Start importing Assets/SecondShader.shader using Guid(c05f752e92f28c44fb8f348feaa5e0fe) Importer(815301076,1909f56bfc062723c751e8b465ee728b)  -> (artifact id: '9e97aac2a2023d58769b1ff36634d27a') in 0.024165 seconds 
  Import took 0.029970 seconds .

========================================================================
Received Import Request.
  Time since last request: 907.402042 seconds.
  path: Assets/MyFirstShader.shader
  artifactKey: Guid(71afb07c6eff89c43aa8964dbb855a6d) Importer(815301076,1909f56bfc062723c751e8b465ee728b)
Start importing Assets/MyFirstShader.shader using Guid(71afb07c6eff89c43aa8964dbb855a6d) Importer(815301076,1909f56bfc062723c751e8b465ee728b)  -> (artifact id: '678e9714151a101e7c0ee6fdd8ac3ac5') in 0.020474 seconds 
  Import took 0.035285 seconds .

========================================================================
Received Import Request.
  Time since last request: 0.001196 seconds.
  path: Assets/MyFirstShader.shader
  artifactKey: Guid(71afb07c6eff89c43aa8964dbb855a6d) Importer(815301076,1909f56bfc062723c751e8b465ee728b)
Start importing Assets/MyFirstShader.shader using Guid(71afb07c6eff89c43aa8964dbb855a6d) Importer(815301076,1909f56bfc062723c751e8b465ee728b)  -> (artifact id: '678e9714151a101e7c0ee6fdd8ac3ac5') in 0.032185 seconds 
  Import took 0.036050 seconds .

========================================================================
Received Import Request.
  Time since last request: 13.640582 seconds.
  path: Assets/SecondShader.shader
  artifactKey: Guid(c05f752e92f28c44fb8f348feaa5e0fe) Importer(815301076,1909f56bfc062723c751e8b465ee728b)
Start importing Assets/SecondShader.shader using Guid(c05f752e92f28c44fb8f348feaa5e0fe) Importer(815301076,1909f56bfc062723c751e8b465ee728b)  -> (artifact id: '52ee88c979d6f6615e299bb60993e16d') in 0.011321 seconds 
  Import took 0.016814 seconds .

========================================================================
Received Import Request.
  Time since last request: 0.000514 seconds.
  path: Assets/SecondShader.shader
  artifactKey: Guid(c05f752e92f28c44fb8f348feaa5e0fe) Importer(815301076,1909f56bfc062723c751e8b465ee728b)
Start importing Assets/SecondShader.shader using Guid(c05f752e92f28c44fb8f348feaa5e0fe) Importer(815301076,1909f56bfc062723c751e8b465ee728b)  -> (artifact id: '52ee88c979d6f6615e299bb60993e16d') in 0.009640 seconds 
  Import took 0.013858 seconds .

========================================================================
Received Import Request.
  Time since last request: 841.278338 seconds.
  path: Assets/HelloShader.mat
  artifactKey: Guid(ba0158cb3e90b40a998507011a60bad6) Importer(815301076,1909f56bfc062723c751e8b465ee728b)
Start importing Assets/HelloShader.mat using Guid(ba0158cb3e90b40a998507011a60bad6) Importer(815301076,1909f56bfc062723c751e8b465ee728b)  -> (artifact id: '54f05820940a470c7ad62dcea8a55a7e') in 0.138798 seconds 
  Import took 0.145486 seconds .

AssetImportWorkerClient::OnTransportError - code=2 error=End of file
