Using pre-set license
Built from '2020.3/release' branch; Version is '2020.3.12f1 (b3b2c6512326) revision 11776710'; Using compiler version '192528614'; Build Type 'Release'
OS: 'Windows 10 Pro; OS build 19042.1110; Version 2009; 64bit' Language: 'ru' Physical Memory: 16335 MB
BatchMode: 1, IsHumanControllingUs: 0, StartBugReporterOnCrash: 0, Is64bit: 1, IsPro: 0

 COMMAND LINE ARGUMENTS:
C:\Program Files\Unity\Hub\Editor\2020.3.12f1\Editor\Unity.exe
-adb2
-batchMode
-noUpm
-name
AssetImportWorker0
-projectPath
C:/GD/GitHub/ShadersLearn
-logFile
Logs/AssetImportWorker0.log
-srvPort
49823
Successfully changed project path to: C:/GD/GitHub/ShadersLearn
C:/GD/GitHub/ShadersLearn
Using Asset Import Pipeline V2.
Refreshing native plugins compatible for Editor in 27.57 ms, found 2 plugins.
Preloading 0 native plugins for Editor in 0.00 ms.
Initialize engine version: 2020.3.12f1 (b3b2c6512326)
[Subsystems] Discovering subsystems at path C:/Program Files/Unity/Hub/Editor/2020.3.12f1/Editor/Data/Resources/UnitySubsystems
[Subsystems] Discovering subsystems at path C:/GD/GitHub/ShadersLearn/Assets
GfxDevice: creating device client; threaded=0
Direct3D:
    Version:  Direct3D 11.0 [level 11.1]
    Renderer: NVIDIA GeForce GTX 1070 (ID=0x1b81)
    Vendor:   
    VRAM:     8088 MB
    Driver:   27.21.14.5671
Initialize mono
Mono path[0] = 'C:/Program Files/Unity/Hub/Editor/2020.3.12f1/Editor/Data/Managed'
Mono path[1] = 'C:/Program Files/Unity/Hub/Editor/2020.3.12f1/Editor/Data/MonoBleedingEdge/lib/mono/unityjit'
Mono config path = 'C:/Program Files/Unity/Hub/Editor/2020.3.12f1/Editor/Data/MonoBleedingEdge/etc'
Using monoOptions --debugger-agent=transport=dt_socket,embedding=1,server=y,suspend=n,address=127.0.0.1:56584
Begin MonoManager ReloadAssembly
Registering precompiled unity dll's ...
Register platform support module: C:/Program Files/Unity/Hub/Editor/2020.3.12f1/Editor/Data/PlaybackEngines/WebGLSupport/UnityEditor.WebGL.Extensions.dll
Register platform support module: C:/Program Files/Unity/Hub/Editor/2020.3.12f1/Editor/Data/PlaybackEngines/MacStandaloneSupport/UnityEditor.OSXStandalone.Extensions.dll
Register platform support module: C:/Program Files/Unity/Hub/Editor/2020.3.12f1/Editor/Data/PlaybackEngines/WindowsStandaloneSupport/UnityEditor.WindowsStandalone.Extensions.dll
Register platform support module: C:/Program Files/Unity/Hub/Editor/2020.3.12f1/Editor/Data/PlaybackEngines/LinuxStandaloneSupport/UnityEditor.LinuxStandalone.Extensions.dll
Register platform support module: C:/Program Files/Unity/Hub/Editor/2020.3.12f1/Editor/Data/PlaybackEngines/LuminSupport/UnityEditor.Lumin.Extensions.dll
Registered in 0.003159 seconds.
Native extension for Lumin target not found
Native extension for LinuxStandalone target not found
Native extension for WindowsStandalone target not found
Native extension for OSXStandalone target not found
Native extension for WebGL target not found
Refreshing native plugins compatible for Editor in 32.88 ms, found 2 plugins.
Preloading 0 native plugins for Editor in 0.00 ms.
Mono: successfully reloaded assembly
- Completed reload, in  2.368 seconds
Platform modules already initialized, skipping
Registering precompiled user dll's ...
Registered in 0.003510 seconds.
Begin MonoManager ReloadAssembly
Native extension for Lumin target not found
Native extension for LinuxStandalone target not found
Native extension for WindowsStandalone target not found
Native extension for OSXStandalone target not found
Native extension for WebGL target not found
Refreshing native plugins compatible for Editor in 0.27 ms, found 2 plugins.
Preloading 0 native plugins for Editor in 0.00 ms.
Mono: successfully reloaded assembly
- Completed reload, in  0.974 seconds
Platform modules already initialized, skipping
========================================================================
Worker process is ready to serve import requests
Launched and connected shader compiler UnityShaderCompiler.exe after 0.04 seconds
Refreshing native plugins compatible for Editor in 0.27 ms, found 2 plugins.
Preloading 0 native plugins for Editor in 0.00 ms.
Unloading 1387 Unused Serialized files (Serialized files now loaded: 0)
System memory in use before: 65.4 MB.
System memory in use after: 65.5 MB.

Unloading 18 unused Assets to reduce memory usage. Loaded Objects now: 1822.
Total: 1.709400 ms (FindLiveObjects: 0.163200 ms CreateObjectMapping: 0.043900 ms MarkObjects: 1.440700 ms  DeleteObjects: 0.060300 ms)

AssetImportParameters requested are different than current active one (requested -> active):
  custom:framework-win-MediaFoundation: 216162199b28c13a410421893ffa2e32 -> 
  custom:video-decoder-ogg-theora: a1e56fd34408186e4bbccfd4996cb3dc -> 
  custom:container-muxer-webm: aa71ff27fc2769a1b78a27578f13a17b -> 
  custom:container-demuxer-webm: 4f35f7cbe854078d1ac9338744f61a02 -> 
  custom:container-demuxer-ogg: 62fdf1f143b41e24485cea50d1cbac27 -> 
  custom:video-encoder-webm-vp8: eb34c28f22e8b96e1ab97ce403110664 -> 
  custom:video-decoder-webm-vp8: 9c59270c3fd7afecdb556c50c9e8de78 -> 
  custom:audio-decoder-ogg-vorbis: bf7c407c2cedff20999df2af8eb42d56 -> 
  custom:audio-encoder-webm-vorbis: bf7c407c2cedff20999df2af8eb42d56 -> 
========================================================================
Received Import Request.
  path: Assets/HelloShader.mat
  artifactKey: Guid(ba0158cb3e90b40a998507011a60bad6) Importer(815301076,1909f56bfc062723c751e8b465ee728b)
Start importing Assets/HelloShader.mat using Guid(ba0158cb3e90b40a998507011a60bad6) Importer(815301076,1909f56bfc062723c751e8b465ee728b)  -> (artifact id: 'e93d3c8b4187664457b6f7afb54e1729') in 0.309204 seconds 
  Import took 0.311450 seconds .

========================================================================
Received Import Request.
  Time since last request: 0.000268 seconds.
  path: Assets/Zombunny.prefab
  artifactKey: Guid(09df32d15510946c1bd4325af6219685) Importer(815301076,1909f56bfc062723c751e8b465ee728b)
Start importing Assets/Zombunny.prefab using Guid(09df32d15510946c1bd4325af6219685) Importer(815301076,1909f56bfc062723c751e8b465ee728b)  -> (artifact id: 'b068b3dd1bcf3af26e2e9c13d126eebe') in 0.024107 seconds 
  Import took 0.026089 seconds .

========================================================================
Received Import Request.
  Time since last request: 0.000256 seconds.
  path: Assets/Zombunny.fbx
  artifactKey: Guid(8d5d219e0922649ebad407ab0e56b446) Importer(815301076,1909f56bfc062723c751e8b465ee728b)
Start importing Assets/Zombunny.fbx using Guid(8d5d219e0922649ebad407ab0e56b446) Importer(815301076,1909f56bfc062723c751e8b465ee728b)  -> (artifact id: 'f2d0d3823a2cccccfafd74ec5d935f44') in 0.059770 seconds 
  Import took 0.061654 seconds .

========================================================================
Received Import Request.
  Time since last request: 89.608415 seconds.
  path: Assets/Scenes
  artifactKey: Guid(48cbc5deefd70da43a80eb36772e06c7) Importer(815301076,1909f56bfc062723c751e8b465ee728b)
Start importing Assets/Scenes using Guid(48cbc5deefd70da43a80eb36772e06c7) Importer(815301076,1909f56bfc062723c751e8b465ee728b)  -> (artifact id: 'd2d083d8f1225b1c1d48726a90be1b2c') in 0.005585 seconds 
  Import took 0.007748 seconds .

========================================================================
Received Import Request.
  Time since last request: 0.008121 seconds.
  path: Assets/Scenes
  artifactKey: Guid(48cbc5deefd70da43a80eb36772e06c7) Importer(815301076,1909f56bfc062723c751e8b465ee728b)
Start importing Assets/Scenes using Guid(48cbc5deefd70da43a80eb36772e06c7) Importer(815301076,1909f56bfc062723c751e8b465ee728b)  -> (artifact id: 'd2d083d8f1225b1c1d48726a90be1b2c') in 0.001899 seconds 
  Import took 0.003990 seconds .

========================================================================
Received Import Request.
  Time since last request: 0.678882 seconds.
  path: Assets/Scenes/SampleScene.unity
  artifactKey: Guid(9fc0d4010bbf28b4594072e72b8655ab) Importer(815301076,1909f56bfc062723c751e8b465ee728b)
Start importing Assets/Scenes/SampleScene.unity using Guid(9fc0d4010bbf28b4594072e72b8655ab) Importer(815301076,1909f56bfc062723c751e8b465ee728b)  -> (artifact id: '2e64377c788e4964b7c5f3b651d2f006') in 0.006479 seconds 
  Import took 0.008754 seconds .

========================================================================
Received Import Request.
  Time since last request: 9.615162 seconds.
  path: Assets/SecondShader.shader
  artifactKey: Guid(c05f752e92f28c44fb8f348feaa5e0fe) Importer(815301076,1909f56bfc062723c751e8b465ee728b)
Start importing Assets/SecondShader.shader using Guid(c05f752e92f28c44fb8f348feaa5e0fe) Importer(815301076,1909f56bfc062723c751e8b465ee728b)  -> (artifact id: 'd3d9aef19883d6560281b21aa769a6b9') in 0.009453 seconds 
  Import took 0.011612 seconds .

========================================================================
Received Import Request.
  Time since last request: 0.428287 seconds.
  path: Assets/SecondShader.shader
  artifactKey: Guid(c05f752e92f28c44fb8f348feaa5e0fe) Importer(815301076,1909f56bfc062723c751e8b465ee728b)
Start importing Assets/SecondShader.shader using Guid(c05f752e92f28c44fb8f348feaa5e0fe) Importer(815301076,1909f56bfc062723c751e8b465ee728b)  -> (artifact id: 'd3d9aef19883d6560281b21aa769a6b9') in 0.003990 seconds 
  Import took 0.008197 seconds .

========================================================================
Received Prepare
Registering precompiled user dll's ...
Registered in 0.003586 seconds.
Begin MonoManager ReloadAssembly
Native extension for Lumin target not found
Native extension for LinuxStandalone target not found
Native extension for WindowsStandalone target not found
Native extension for OSXStandalone target not found
Native extension for WebGL target not found
Refreshing native plugins compatible for Editor in 0.27 ms, found 2 plugins.
Preloading 0 native plugins for Editor in 0.00 ms.
Mono: successfully reloaded assembly
- Completed reload, in  0.890 seconds
Platform modules already initialized, skipping
Refreshing native plugins compatible for Editor in 0.27 ms, found 2 plugins.
Preloading 0 native plugins for Editor in 0.00 ms.
Unloading 1388 Unused Serialized files (Serialized files now loaded: 0)
System memory in use before: 68.9 MB.
System memory in use after: 69.0 MB.

Unloading 13 unused Assets to reduce memory usage. Loaded Objects now: 1876.
Total: 1.620300 ms (FindLiveObjects: 0.112900 ms CreateObjectMapping: 0.032400 ms MarkObjects: 1.461200 ms  DeleteObjects: 0.013000 ms)

AssetImportParameters requested are different than current active one (requested -> active):
  custom:framework-win-MediaFoundation: 216162199b28c13a410421893ffa2e32 -> 
  custom:video-decoder-ogg-theora: a1e56fd34408186e4bbccfd4996cb3dc -> 
  custom:container-muxer-webm: aa71ff27fc2769a1b78a27578f13a17b -> 
  custom:container-demuxer-webm: 4f35f7cbe854078d1ac9338744f61a02 -> 
  custom:container-demuxer-ogg: 62fdf1f143b41e24485cea50d1cbac27 -> 
  custom:video-encoder-webm-vp8: eb34c28f22e8b96e1ab97ce403110664 -> 
  custom:video-decoder-webm-vp8: 9c59270c3fd7afecdb556c50c9e8de78 -> 
  custom:audio-decoder-ogg-vorbis: bf7c407c2cedff20999df2af8eb42d56 -> 
  custom:audio-encoder-webm-vorbis: bf7c407c2cedff20999df2af8eb42d56 -> 
========================================================================
Received Import Request.
  Time since last request: 664.682944 seconds.
  path: Assets/SecondShader.shader
  artifactKey: Guid(c05f752e92f28c44fb8f348feaa5e0fe) Importer(815301076,1909f56bfc062723c751e8b465ee728b)
Start importing Assets/SecondShader.shader using Guid(c05f752e92f28c44fb8f348feaa5e0fe) Importer(815301076,1909f56bfc062723c751e8b465ee728b)  -> (artifact id: 'c6cb06c84109a7be73a9ef9b3bfbe46f') in 0.012042 seconds 
  Import took 0.016933 seconds .

========================================================================
Received Import Request.
  Time since last request: 27.915078 seconds.
  path: Assets
  artifactKey: Guid(00000000000000001000000000000000) Importer(815301076,1909f56bfc062723c751e8b465ee728b)
Start importing Assets using Guid(00000000000000001000000000000000) Importer(815301076,1909f56bfc062723c751e8b465ee728b)  -> (artifact id: '42d402b061de3733987d63b9cc3b64de') in 0.008476 seconds 
  Import took 0.011524 seconds .

========================================================================
Received Import Request.
  Time since last request: 10.559600 seconds.
  path: Assets/SecondTest.mat
  artifactKey: Guid(66709290e3e417f4cbdab103f5e8aeb2) Importer(815301076,1909f56bfc062723c751e8b465ee728b)
Start importing Assets/SecondTest.mat using Guid(66709290e3e417f4cbdab103f5e8aeb2) Importer(815301076,1909f56bfc062723c751e8b465ee728b)  -> (artifact id: '43ea19a8eeb17125851291edfa1be58c') in 0.051677 seconds 
  Import took 0.053907 seconds .

========================================================================
Received Import Request.
  Time since last request: 18.725676 seconds.
  path: Assets/Materials
  artifactKey: Guid(827a23492bab23e49a9152372d9dcb4d) Importer(815301076,1909f56bfc062723c751e8b465ee728b)
Start importing Assets/Materials using Guid(827a23492bab23e49a9152372d9dcb4d) Importer(815301076,1909f56bfc062723c751e8b465ee728b)  -> (artifact id: '4a7374113088ce19c1e63ae43d33e620') in 0.006345 seconds 
  Import took 0.008668 seconds .

========================================================================
Received Import Request.
  Time since last request: 0.082250 seconds.
  path: Assets/Materials/lambert2.mat
  artifactKey: Guid(0ba7f793da9165f459a403af679533bb) Importer(815301076,1909f56bfc062723c751e8b465ee728b)
Start importing Assets/Materials/lambert2.mat using Guid(0ba7f793da9165f459a403af679533bb) Importer(815301076,1909f56bfc062723c751e8b465ee728b)  -> (artifact id: 'cd49a29e5d6bcc7a00980b3b10ae9a8f') in 0.025788 seconds 
  Import took 0.030800 seconds .

========================================================================
Received Import Request.
  Time since last request: 33.891346 seconds.
  path: Assets/New GUISkin.guiskin
  artifactKey: Guid(a87f09d6bcb013d4faa48bd4c4aeb66d) Importer(815301076,1909f56bfc062723c751e8b465ee728b)
Start importing Assets/New GUISkin.guiskin using Guid(a87f09d6bcb013d4faa48bd4c4aeb66d) Importer(815301076,1909f56bfc062723c751e8b465ee728b)  -> (artifact id: 'd2f4ebcbf2979a05e24c9d960bfc2370') in 0.016177 seconds 
  Import took 0.018495 seconds .

========================================================================
Received Import Request.
  Time since last request: 0.011979 seconds.
  path: Assets/New GUISkin.guiskin
  artifactKey: Guid(a87f09d6bcb013d4faa48bd4c4aeb66d) Importer(815301076,1909f56bfc062723c751e8b465ee728b)
Start importing Assets/New GUISkin.guiskin using Guid(a87f09d6bcb013d4faa48bd4c4aeb66d) Importer(815301076,1909f56bfc062723c751e8b465ee728b)  -> (artifact id: 'd2f4ebcbf2979a05e24c9d960bfc2370') in 0.003443 seconds 
  Import took 0.005536 seconds .

========================================================================
Received Import Request.
  Time since last request: 348.363455 seconds.
  path: Assets/SecondTest.mat
  artifactKey: Guid(66709290e3e417f4cbdab103f5e8aeb2) Importer(815301076,1909f56bfc062723c751e8b465ee728b)
Start importing Assets/SecondTest.mat using Guid(66709290e3e417f4cbdab103f5e8aeb2) Importer(815301076,1909f56bfc062723c751e8b465ee728b)  -> (artifact id: '1acfaa8677b95a2f49127f77556cf6af') in 0.175272 seconds 
  Import took 0.177772 seconds .

========================================================================
Received Import Request.
  Time since last request: 10.513649 seconds.
  path: Assets/Stylized Lava Texture
  artifactKey: Guid(aa128d808ee29f540bb470f1779c0d55) Importer(815301076,1909f56bfc062723c751e8b465ee728b)
Start importing Assets/Stylized Lava Texture using Guid(aa128d808ee29f540bb470f1779c0d55) Importer(815301076,1909f56bfc062723c751e8b465ee728b)  -> (artifact id: 'eee61438f010a141246063665f69af35') in 0.006557 seconds 
  Import took 0.008851 seconds .

========================================================================
Received Import Request.
  Time since last request: 0.000880 seconds.
  path: Assets/Stylized Lava Texture
  artifactKey: Guid(aa128d808ee29f540bb470f1779c0d55) Importer(815301076,1909f56bfc062723c751e8b465ee728b)
Start importing Assets/Stylized Lava Texture using Guid(aa128d808ee29f540bb470f1779c0d55) Importer(815301076,1909f56bfc062723c751e8b465ee728b)  -> (artifact id: 'eee61438f010a141246063665f69af35') in 0.002098 seconds 
  Import took 0.004312 seconds .

========================================================================
Received Import Request.
  Time since last request: 0.733765 seconds.
  path: Assets/Stylized Lava Texture/Textures
  artifactKey: Guid(70867da6bf5f23744b22677a580e0ad7) Importer(815301076,1909f56bfc062723c751e8b465ee728b)
Start importing Assets/Stylized Lava Texture/Textures using Guid(70867da6bf5f23744b22677a580e0ad7) Importer(815301076,1909f56bfc062723c751e8b465ee728b)  -> (artifact id: '95989f510de77030a5ede8cd9992586e') in 0.005960 seconds 
  Import took 0.008247 seconds .

========================================================================
Received Import Request.
  Time since last request: 0.000313 seconds.
  path: Assets/Stylized Lava Texture/Textures
  artifactKey: Guid(70867da6bf5f23744b22677a580e0ad7) Importer(815301076,1909f56bfc062723c751e8b465ee728b)
Start importing Assets/Stylized Lava Texture/Textures using Guid(70867da6bf5f23744b22677a580e0ad7) Importer(815301076,1909f56bfc062723c751e8b465ee728b)  -> (artifact id: '95989f510de77030a5ede8cd9992586e') in 0.002068 seconds 
  Import took 0.004290 seconds .

========================================================================
Received Import Request.
  Time since last request: 0.058909 seconds.
  path: Assets/Stylized Lava Texture/Textures/Vol_35_3_Ambient_Occlusion.tga
  artifactKey: Guid(c6d0d08a7a14a45418caf59d9687df8f) Importer(815301076,1909f56bfc062723c751e8b465ee728b)
Start importing Assets/Stylized Lava Texture/Textures/Vol_35_3_Ambient_Occlusion.tga using Guid(c6d0d08a7a14a45418caf59d9687df8f) Importer(815301076,1909f56bfc062723c751e8b465ee728b)  -> (artifact id: 'aa3a737c49d94beba295a360cba2f416') in 0.029126 seconds 
  Import took 0.031152 seconds .

========================================================================
Received Import Request.
  Time since last request: 0.000270 seconds.
  path: Assets/Stylized Lava Texture/Textures/Vol_35_3_Normal.tga
  artifactKey: Guid(6d3280b47426c8a4e89df1eabd45c33a) Importer(815301076,1909f56bfc062723c751e8b465ee728b)
Start importing Assets/Stylized Lava Texture/Textures/Vol_35_3_Normal.tga using Guid(6d3280b47426c8a4e89df1eabd45c33a) Importer(815301076,1909f56bfc062723c751e8b465ee728b)  -> (artifact id: '4197d123706261d4bb5c2fd296d5e5c3') in 0.024505 seconds 
  Import took 0.026350 seconds .

========================================================================
Received Import Request.
  Time since last request: 0.000261 seconds.
  path: Assets/Stylized Lava Texture/Textures/Vol_35_3_Base_Color.tga
  artifactKey: Guid(dfc1785e05281294d878cde6894aa955) Importer(815301076,1909f56bfc062723c751e8b465ee728b)
Start importing Assets/Stylized Lava Texture/Textures/Vol_35_3_Base_Color.tga using Guid(dfc1785e05281294d878cde6894aa955) Importer(815301076,1909f56bfc062723c751e8b465ee728b)  -> (artifact id: 'ac23a48d7e3b48beaf3be14de373e811') in 0.011617 seconds 
  Import took 0.013513 seconds .

========================================================================
Received Import Request.
  Time since last request: 0.000272 seconds.
  path: Assets/Stylized Lava Texture/Textures/Vol_35_3_Height.tga
  artifactKey: Guid(b54216825a0a75045ae1d36295ceecd4) Importer(815301076,1909f56bfc062723c751e8b465ee728b)
Start importing Assets/Stylized Lava Texture/Textures/Vol_35_3_Height.tga using Guid(b54216825a0a75045ae1d36295ceecd4) Importer(815301076,1909f56bfc062723c751e8b465ee728b)  -> (artifact id: 'b25b0afedc747da52551bb4797fa8c16') in 0.011227 seconds 
  Import took 0.013120 seconds .

========================================================================
Received Import Request.
  Time since last request: 0.000263 seconds.
  path: Assets/Stylized Lava Texture/Textures/Vol_35_3_Roughness.tga
  artifactKey: Guid(ee6d998e65365904ba2f9fa70273b869) Importer(815301076,1909f56bfc062723c751e8b465ee728b)
Start importing Assets/Stylized Lava Texture/Textures/Vol_35_3_Roughness.tga using Guid(ee6d998e65365904ba2f9fa70273b869) Importer(815301076,1909f56bfc062723c751e8b465ee728b)  -> (artifact id: 'a722c86a962fc4832a00f8f3b15bc172') in 0.012073 seconds 
  Import took 0.014008 seconds .

========================================================================
Received Import Request.
  Time since last request: 0.000284 seconds.
  path: Assets/Stylized Lava Texture/Textures/Vol_35_3_Emissive.tga
  artifactKey: Guid(fa33609267bcdfb41ac03c9fd4b56b68) Importer(815301076,1909f56bfc062723c751e8b465ee728b)
Start importing Assets/Stylized Lava Texture/Textures/Vol_35_3_Emissive.tga using Guid(fa33609267bcdfb41ac03c9fd4b56b68) Importer(815301076,1909f56bfc062723c751e8b465ee728b)  -> (artifact id: '88e923e8d50f7e075ef9e2183e100d82') in 0.012574 seconds 
  Import took 0.014500 seconds .

========================================================================
Received Import Request.
  Time since last request: 0.002437 seconds.
  path: Assets/Stylized Lava Texture/Textures/Vol_35_3_Roughness.tga
  artifactKey: Guid(ee6d998e65365904ba2f9fa70273b869) Importer(815301076,1909f56bfc062723c751e8b465ee728b)
Start importing Assets/Stylized Lava Texture/Textures/Vol_35_3_Roughness.tga using Guid(ee6d998e65365904ba2f9fa70273b869) Importer(815301076,1909f56bfc062723c751e8b465ee728b)  -> (artifact id: 'a722c86a962fc4832a00f8f3b15bc172') in 0.012452 seconds 
  Import took 0.014552 seconds .

========================================================================
Received Import Request.
  Time since last request: 17.746606 seconds.
  path: Assets/Stylized Lava Texture/Textures/Vol_35_3_Base_Color 1.tga
  artifactKey: Guid(ed079d4d7c39b5844b6ddac367b5d337) Importer(815301076,1909f56bfc062723c751e8b465ee728b)
Start importing Assets/Stylized Lava Texture/Textures/Vol_35_3_Base_Color 1.tga using Guid(ed079d4d7c39b5844b6ddac367b5d337) Importer(815301076,1909f56bfc062723c751e8b465ee728b)  -> (artifact id: '32e2ff5b75a9b761314759ed205dcf3c') in 0.010843 seconds 
  Import took 0.013034 seconds .

========================================================================
Received Import Request.
  Time since last request: 0.009163 seconds.
  path: Assets/Stylized Lava Texture/Textures/Vol_35_3_Base_Color 1.tga
  artifactKey: Guid(ed079d4d7c39b5844b6ddac367b5d337) Importer(815301076,1909f56bfc062723c751e8b465ee728b)
Start importing Assets/Stylized Lava Texture/Textures/Vol_35_3_Base_Color 1.tga using Guid(ed079d4d7c39b5844b6ddac367b5d337) Importer(815301076,1909f56bfc062723c751e8b465ee728b)  -> (artifact id: '32e2ff5b75a9b761314759ed205dcf3c') in 0.011371 seconds 
  Import took 0.013888 seconds .

========================================================================
Received Import Request.
  Time since last request: 332.328182 seconds.
  path: Assets/Stylized Lava Texture/Materials
  artifactKey: Guid(855350d72edd5b546aba24877b32789a) Importer(815301076,1909f56bfc062723c751e8b465ee728b)
Start importing Assets/Stylized Lava Texture/Materials using Guid(855350d72edd5b546aba24877b32789a) Importer(815301076,1909f56bfc062723c751e8b465ee728b)  -> (artifact id: '244a5c848d8cc778fa58a73bb8f1566c') in 0.002441 seconds 
  Import took 0.005275 seconds .

========================================================================
Received Import Request.
  Time since last request: 3.151145 seconds.
  path: Assets/Stylized Lava Texture/Textures/Vol_35_3_Emissive 1.tga
  artifactKey: Guid(a13ed5fad18586e49993d8391e8b742c) Importer(815301076,1909f56bfc062723c751e8b465ee728b)
Start importing Assets/Stylized Lava Texture/Textures/Vol_35_3_Emissive 1.tga using Guid(a13ed5fad18586e49993d8391e8b742c) Importer(815301076,1909f56bfc062723c751e8b465ee728b)  -> (artifact id: 'd4f77ad8f3de066642122652356cc7ea') in 0.011309 seconds 
  Import took 0.013419 seconds .

========================================================================
Received Import Request.
  Time since last request: 0.007223 seconds.
  path: Assets/Stylized Lava Texture/Textures/Vol_35_3_Emissive 1.tga
  artifactKey: Guid(a13ed5fad18586e49993d8391e8b742c) Importer(815301076,1909f56bfc062723c751e8b465ee728b)
Start importing Assets/Stylized Lava Texture/Textures/Vol_35_3_Emissive 1.tga using Guid(a13ed5fad18586e49993d8391e8b742c) Importer(815301076,1909f56bfc062723c751e8b465ee728b)  -> (artifact id: 'd4f77ad8f3de066642122652356cc7ea') in 0.010086 seconds 
  Import took 0.012194 seconds .

========================================================================
Received Import Request.
  Time since last request: 6.604066 seconds.
  path: Assets/SecondTest.mat
  artifactKey: Guid(66709290e3e417f4cbdab103f5e8aeb2) Importer(815301076,1909f56bfc062723c751e8b465ee728b)
Start importing Assets/SecondTest.mat using Guid(66709290e3e417f4cbdab103f5e8aeb2) Importer(815301076,1909f56bfc062723c751e8b465ee728b)  -> (artifact id: '94bb24700b5795e24d5236a92c68cece') in 0.025700 seconds 
  Import took 0.030575 seconds .

AssetImportWorkerClient::OnTransportError - code=2 error=End of file
